2020-10-13 20:41:28,722 - Log4JLogChute initialized using file 'velocity.log'
2020-10-13 20:41:28,723 - Initializing Velocity, Calling init()...
2020-10-13 20:41:28,723 - Starting Apache Velocity v1.7 (compiled: 2010-11-19 12:14:37)
2020-10-13 20:41:28,723 - Default Properties File: org\apache\velocity\runtime\defaults\velocity.properties
2020-10-13 20:41:28,723 - Trying to use logger class org.apache.velocity.runtime.log.AvalonLogChute
2020-10-13 20:41:28,723 - Target log system for org.apache.velocity.runtime.log.AvalonLogChute is not available (java.lang.NoClassDefFoundError: org/apache/log/format/Formatter).  Falling back to next log system...
2020-10-13 20:41:28,723 - Trying to use logger class org.apache.velocity.runtime.log.Log4JLogChute
2020-10-13 20:41:28,724 - Using logger class org.apache.velocity.runtime.log.Log4JLogChute
2020-10-13 20:41:28,729 - ResourceLoader instantiated: org.apache.velocity.runtime.resource.loader.FileResourceLoader
2020-10-13 20:41:28,730 - Do unicode file recognition:  false
2020-10-13 20:41:28,730 - FileResourceLoader : adding path '.'
2020-10-13 20:41:28,743 - ResourceCache: initialized (class org.apache.velocity.runtime.resource.ResourceCacheImpl) with class java.util.Collections$SynchronizedMap cache map.
2020-10-13 20:41:28,745 - Loaded System Directive: org.apache.velocity.runtime.directive.Stop
2020-10-13 20:41:28,747 - Loaded System Directive: org.apache.velocity.runtime.directive.Define
2020-10-13 20:41:28,748 - Loaded System Directive: org.apache.velocity.runtime.directive.Break
2020-10-13 20:41:28,748 - Loaded System Directive: org.apache.velocity.runtime.directive.Evaluate
2020-10-13 20:41:28,749 - Loaded System Directive: org.apache.velocity.runtime.directive.Literal
2020-10-13 20:41:28,750 - Loaded System Directive: org.apache.velocity.runtime.directive.Macro
2020-10-13 20:41:28,751 - Loaded System Directive: org.apache.velocity.runtime.directive.Parse
2020-10-13 20:41:28,752 - Loaded System Directive: org.apache.velocity.runtime.directive.Include
2020-10-13 20:41:28,753 - Loaded System Directive: org.apache.velocity.runtime.directive.Foreach
2020-10-13 20:41:28,778 - Created '20' parsers.
2020-10-13 20:41:28,784 - Velocimacro : "velocimacro.library" is not set.  Trying default library: VM_global_library.vm
2020-10-13 20:41:28,785 - Velocimacro : Default library not found.
2020-10-13 20:41:28,785 - Velocimacro : allowInline = true : VMs can be defined inline in templates
2020-10-13 20:41:28,785 - Velocimacro : allowInlineToOverride = false : VMs defined inline may NOT replace previous VM definitions
2020-10-13 20:41:28,785 - Velocimacro : allowInlineLocal = false : VMs defined inline will be global in scope if allowed.
2020-10-13 20:41:28,785 - Velocimacro : autoload off : VM system will not automatically reload global library macros
2020-10-13 20:46:34,281 - Log4JLogChute initialized using file 'velocity.log'
2020-10-13 20:46:34,282 - Initializing Velocity, Calling init()...
2020-10-13 20:46:34,282 - Starting Apache Velocity v1.7 (compiled: 2010-11-19 12:14:37)
2020-10-13 20:46:34,282 - Default Properties File: org\apache\velocity\runtime\defaults\velocity.properties
2020-10-13 20:46:34,282 - Trying to use logger class org.apache.velocity.runtime.log.AvalonLogChute
2020-10-13 20:46:34,282 - Target log system for org.apache.velocity.runtime.log.AvalonLogChute is not available (java.lang.NoClassDefFoundError: org/apache/log/format/Formatter).  Falling back to next log system...
2020-10-13 20:46:34,282 - Trying to use logger class org.apache.velocity.runtime.log.Log4JLogChute
2020-10-13 20:46:34,282 - Using logger class org.apache.velocity.runtime.log.Log4JLogChute
2020-10-13 20:46:34,285 - ResourceLoader instantiated: org.apache.velocity.runtime.resource.loader.FileResourceLoader
2020-10-13 20:46:34,286 - Do unicode file recognition:  false
2020-10-13 20:46:34,287 - FileResourceLoader : adding path '.'
2020-10-13 20:46:34,294 - ResourceCache: initialized (class org.apache.velocity.runtime.resource.ResourceCacheImpl) with class java.util.Collections$SynchronizedMap cache map.
2020-10-13 20:46:34,295 - Loaded System Directive: org.apache.velocity.runtime.directive.Stop
2020-10-13 20:46:34,296 - Loaded System Directive: org.apache.velocity.runtime.directive.Define
2020-10-13 20:46:34,296 - Loaded System Directive: org.apache.velocity.runtime.directive.Break
2020-10-13 20:46:34,297 - Loaded System Directive: org.apache.velocity.runtime.directive.Evaluate
2020-10-13 20:46:34,297 - Loaded System Directive: org.apache.velocity.runtime.directive.Literal
2020-10-13 20:46:34,298 - Loaded System Directive: org.apache.velocity.runtime.directive.Macro
2020-10-13 20:46:34,299 - Loaded System Directive: org.apache.velocity.runtime.directive.Parse
2020-10-13 20:46:34,299 - Loaded System Directive: org.apache.velocity.runtime.directive.Include
2020-10-13 20:46:34,300 - Loaded System Directive: org.apache.velocity.runtime.directive.Foreach
2020-10-13 20:46:34,318 - Created '20' parsers.
2020-10-13 20:46:34,322 - Velocimacro : "velocimacro.library" is not set.  Trying default library: VM_global_library.vm
2020-10-13 20:46:34,322 - Velocimacro : Default library not found.
2020-10-13 20:46:34,322 - Velocimacro : allowInline = true : VMs can be defined inline in templates
2020-10-13 20:46:34,322 - Velocimacro : allowInlineToOverride = false : VMs defined inline may NOT replace previous VM definitions
2020-10-13 20:46:34,322 - Velocimacro : allowInlineLocal = false : VMs defined inline will be global in scope if allowed.
2020-10-13 20:46:34,322 - Velocimacro : autoload off : VM system will not automatically reload global library macros
2020-10-13 21:20:53,225 - Log4JLogChute initialized using file 'velocity.log'
2020-10-13 21:20:53,226 - Initializing Velocity, Calling init()...
2020-10-13 21:20:53,226 - Starting Apache Velocity v1.7 (compiled: 2010-11-19 12:14:37)
2020-10-13 21:20:53,226 - Default Properties File: org\apache\velocity\runtime\defaults\velocity.properties
2020-10-13 21:20:53,226 - Trying to use logger class org.apache.velocity.runtime.log.AvalonLogChute
2020-10-13 21:20:53,226 - Target log system for org.apache.velocity.runtime.log.AvalonLogChute is not available (java.lang.NoClassDefFoundError: org/apache/log/format/Formatter).  Falling back to next log system...
2020-10-13 21:20:53,226 - Trying to use logger class org.apache.velocity.runtime.log.Log4JLogChute
2020-10-13 21:20:53,226 - Using logger class org.apache.velocity.runtime.log.Log4JLogChute
2020-10-13 21:20:53,229 - ResourceLoader instantiated: org.apache.velocity.runtime.resource.loader.FileResourceLoader
2020-10-13 21:20:53,229 - Do unicode file recognition:  false
2020-10-13 21:20:53,229 - FileResourceLoader : adding path '.'
2020-10-13 21:20:53,237 - ResourceCache: initialized (class org.apache.velocity.runtime.resource.ResourceCacheImpl) with class java.util.Collections$SynchronizedMap cache map.
2020-10-13 21:20:53,238 - Loaded System Directive: org.apache.velocity.runtime.directive.Stop
2020-10-13 21:20:53,239 - Loaded System Directive: org.apache.velocity.runtime.directive.Define
2020-10-13 21:20:53,239 - Loaded System Directive: org.apache.velocity.runtime.directive.Break
2020-10-13 21:20:53,239 - Loaded System Directive: org.apache.velocity.runtime.directive.Evaluate
2020-10-13 21:20:53,240 - Loaded System Directive: org.apache.velocity.runtime.directive.Literal
2020-10-13 21:20:53,240 - Loaded System Directive: org.apache.velocity.runtime.directive.Macro
2020-10-13 21:20:53,241 - Loaded System Directive: org.apache.velocity.runtime.directive.Parse
2020-10-13 21:20:53,242 - Loaded System Directive: org.apache.velocity.runtime.directive.Include
2020-10-13 21:20:53,243 - Loaded System Directive: org.apache.velocity.runtime.directive.Foreach
2020-10-13 21:20:53,261 - Created '20' parsers.
2020-10-13 21:20:53,264 - Velocimacro : "velocimacro.library" is not set.  Trying default library: VM_global_library.vm
2020-10-13 21:20:53,264 - Velocimacro : Default library not found.
2020-10-13 21:20:53,264 - Velocimacro : allowInline = true : VMs can be defined inline in templates
2020-10-13 21:20:53,265 - Velocimacro : allowInlineToOverride = false : VMs defined inline may NOT replace previous VM definitions
2020-10-13 21:20:53,265 - Velocimacro : allowInlineLocal = false : VMs defined inline will be global in scope if allowed.
2020-10-13 21:20:53,265 - Velocimacro : autoload off : VM system will not automatically reload global library macros
